This file contains any messages produced by compilers while
running configure, to aid debugging if configure makes a mistake.

It was created by GstEditor configure 0.10.3.2, which was
generated by GNU Autoconf 2.65.  Invocation command line was

  $ ./configure 

## --------- ##
## Platform. ##
## --------- ##

hostname = guppy
uname -m = x86_64
uname -r = 3.8.0-19-generic
uname -s = Linux
uname -v = #29-Ubuntu SMP Wed Apr 17 18:16:28 UTC 2013

/usr/bin/uname -p = unknown
/bin/uname -X     = unknown

/bin/arch              = unknown
/usr/bin/arch -k       = unknown
/usr/convex/getsysinfo = unknown
/usr/bin/hostinfo      = unknown
/bin/machine           = unknown
/usr/bin/oslevel       = unknown
/bin/universe          = unknown

PATH: /home/dvhaeren/.local/bin
PATH: /home/dvhaeren/.local/share/android-sdk-linux_x86/platform-tools
PATH: /usr/local/texlive/2011/bin/x86_64-linux
PATH: /usr/local/sbin
PATH: /usr/local/bin
PATH: /usr/sbin
PATH: /usr/bin
PATH: /sbin
PATH: /bin
PATH: /usr/games
PATH: /usr/local/games
PATH: /usr/lib/nvidia-cuda-toolkit/bin


## ----------- ##
## Core tests. ##
## ----------- ##

configure:2506: checking for a BSD-compatible install
configure:2574: result: /usr/bin/install -c
configure:2585: checking whether build environment is sane
configure:2635: result: yes
configure:2776: checking for a thread-safe mkdir -p
configure:2815: result: /bin/mkdir -p
configure:2828: checking for gawk
configure:2844: found /usr/bin/gawk
configure:2855: result: gawk
configure:2866: checking whether make sets $(MAKE)
configure:2888: result: yes
configure:2981: checking nano version
configure:2993: result: 2
configure:3009: checking whether to enable maintainer-specific portions of Makefiles
configure:3018: result: no
configure:3036: checking build system type
configure:3050: result: x86_64-unknown-linux-gnu
configure:3070: checking host system type
configure:3083: result: x86_64-unknown-linux-gnu
configure:3106: checking whether NLS is requested
configure:3115: result: yes
configure:3156: checking for msgfmt
configure: trying /usr/bin/msgfmt...
0 translated messages.
configure:3188: result: /usr/bin/msgfmt
configure:3197: checking for gmsgfmt
configure:3228: result: /usr/bin/msgfmt
configure:3279: checking for xgettext
configure: trying /usr/bin/xgettext...
/usr/bin/xgettext: warning: file `/dev/null' extension `' is unknown; will try C
configure:3311: result: /usr/bin/xgettext
configure:3357: checking for msgmerge
configure: trying /usr/bin/msgmerge...
configure:3388: result: /usr/bin/msgmerge
configure:3433: checking for style of include used by make
configure:3461: result: GNU
configure:3531: checking for gcc
configure:3547: found /usr/bin/gcc
configure:3558: result: gcc
configure:3787: checking for C compiler version
configure:3796: gcc --version >&5
gcc (Ubuntu/Linaro 4.7.3-1ubuntu1) 4.7.3
Copyright (C) 2012 Free Software Foundation, Inc.
This is free software; see the source for copying conditions.  There is NO
warranty; not even for MERCHANTABILITY or FITNESS FOR A PARTICULAR PURPOSE.

configure:3807: $? = 0
configure:3796: gcc -v >&5
Using built-in specs.
COLLECT_GCC=gcc
COLLECT_LTO_WRAPPER=/usr/lib/gcc/x86_64-linux-gnu/4.7/lto-wrapper
Target: x86_64-linux-gnu
Configured with: ../src/configure -v --with-pkgversion='Ubuntu/Linaro 4.7.3-1ubuntu1' --with-bugurl=file:///usr/share/doc/gcc-4.7/README.Bugs --enable-languages=c,c++,go,fortran,objc,obj-c++ --prefix=/usr --program-suffix=-4.7 --enable-shared --enable-linker-build-id --libexecdir=/usr/lib --without-included-gettext --enable-threads=posix --with-gxx-include-dir=/usr/include/c++/4.7 --libdir=/usr/lib --enable-nls --with-sysroot=/ --enable-clocale=gnu --enable-libstdcxx-debug --enable-libstdcxx-time=yes --enable-gnu-unique-object --enable-plugin --with-system-zlib --enable-objc-gc --with-cloog --enable-cloog-backend=ppl --disable-cloog-version-check --disable-ppl-version-check --enable-multiarch --disable-werror --with-arch-32=i686 --with-abi=m64 --with-multilib-list=m32,m64,mx32 --with-tune=generic --enable-checking=release --build=x86_64-linux-gnu --host=x86_64-linux-gnu --target=x86_64-linux-gnu
Thread model: posix
gcc version 4.7.3 (Ubuntu/Linaro 4.7.3-1ubuntu1) 
configure:3807: $? = 0
configure:3796: gcc -V >&5
gcc: error: unrecognized command line option '-V'
gcc: fatal error: no input files
compilation terminated.
configure:3807: $? = 4
configure:3796: gcc -qversion >&5
gcc: error: unrecognized command line option '-qversion'
gcc: fatal error: no input files
compilation terminated.
configure:3807: $? = 4
configure:3827: checking whether the C compiler works
configure:3849: gcc    conftest.c  >&5
configure:3853: $? = 0
configure:3902: result: yes
configure:3905: checking for C compiler default output file name
configure:3907: result: a.out
configure:3913: checking for suffix of executables
configure:3920: gcc -o conftest    conftest.c  >&5
configure:3924: $? = 0
configure:3946: result: 
configure:3968: checking whether we are cross compiling
configure:3976: gcc -o conftest    conftest.c  >&5
configure:3980: $? = 0
configure:3987: ./conftest
configure:3991: $? = 0
configure:4006: result: no
configure:4011: checking for suffix of object files
configure:4033: gcc -c   conftest.c >&5
configure:4037: $? = 0
configure:4058: result: o
configure:4062: checking whether we are using the GNU C compiler
configure:4081: gcc -c   conftest.c >&5
configure:4081: $? = 0
configure:4090: result: yes
configure:4099: checking whether gcc accepts -g
configure:4119: gcc -c -g  conftest.c >&5
configure:4119: $? = 0
configure:4160: result: yes
configure:4177: checking for gcc option to accept ISO C89
configure:4241: gcc  -c -g -O2  conftest.c >&5
configure:4241: $? = 0
configure:4254: result: none needed
configure:4276: checking dependency style of gcc
configure:4386: result: gcc3
configure:4425: checking for ld used by GCC
configure:4489: result: /usr/bin/ld
configure:4496: checking if the linker (/usr/bin/ld) is GNU ld
configure:4509: result: yes
configure:4516: checking for shared library run path origin
configure:4529: result: done
configure:5031: checking for CFPreferencesCopyAppValue
configure:5049: gcc -o conftest -g -O2   conftest.c  -Wl,-framework -Wl,CoreFoundation >&5
conftest.c:11:42: fatal error: CoreFoundation/CFPreferences.h: No such file or directory
compilation terminated.
configure:5049: $? = 1
configure: failed program was:
| /* confdefs.h */
| #define PACKAGE_NAME "GstEditor"
| #define PACKAGE_TARNAME "gsteditor"
| #define PACKAGE_VERSION "0.10.3.2"
| #define PACKAGE_STRING "GstEditor 0.10.3.2"
| #define PACKAGE_BUGREPORT "http://gstreamer.freedesktop.org"
| #define PACKAGE_URL ""
| #define PACKAGE "gsteditor"
| #define VERSION "0.10.3.2"
| /* end confdefs.h.  */
| #include <CoreFoundation/CFPreferences.h>
| int
| main ()
| {
| CFPreferencesCopyAppValue(NULL, NULL)
|   ;
|   return 0;
| }
configure:5058: result: no
configure:5065: checking for CFLocaleCopyCurrent
configure:5083: gcc -o conftest -g -O2   conftest.c  -Wl,-framework -Wl,CoreFoundation >&5
conftest.c:11:37: fatal error: CoreFoundation/CFLocale.h: No such file or directory
compilation terminated.
configure:5083: $? = 1
configure: failed program was:
| /* confdefs.h */
| #define PACKAGE_NAME "GstEditor"
| #define PACKAGE_TARNAME "gsteditor"
| #define PACKAGE_VERSION "0.10.3.2"
| #define PACKAGE_STRING "GstEditor 0.10.3.2"
| #define PACKAGE_BUGREPORT "http://gstreamer.freedesktop.org"
| #define PACKAGE_URL ""
| #define PACKAGE "gsteditor"
| #define VERSION "0.10.3.2"
| /* end confdefs.h.  */
| #include <CoreFoundation/CFLocale.h>
| int
| main ()
| {
| CFLocaleCopyCurrent();
|   ;
|   return 0;
| }
configure:5092: result: no
configure:5141: checking for GNU gettext in libc
configure:5161: gcc -o conftest -g -O2   conftest.c  >&5
configure:5161: $? = 0
configure:5170: result: yes
configure:5916: checking whether to use NLS
configure:5918: result: yes
configure:5921: checking where the gettext function comes from
configure:5932: result: libc
configure:6084: checking for a sed that does not truncate output
configure:6148: result: /bin/sed
configure:6166: checking for grep that handles long lines and -e
configure:6224: result: /bin/grep
configure:6229: checking for egrep
configure:6291: result: /bin/grep -E
configure:6296: checking for fgrep
configure:6358: result: /bin/grep -F
configure:6393: checking for ld used by gcc
configure:6460: result: /usr/bin/ld
configure:6467: checking if the linker (/usr/bin/ld) is GNU ld
configure:6482: result: yes
configure:6494: checking for BSD- or MS-compatible name lister (nm)
configure:6543: result: /usr/bin/nm -B
configure:6661: checking the name lister (/usr/bin/nm -B) interface
configure:6668: gcc -c -g -O2  conftest.c >&5
configure:6671: /usr/bin/nm -B "conftest.o"
configure:6674: output
0000000000000000 B some_variable
configure:6681: result: BSD nm
configure:6684: checking whether ln -s works
configure:6688: result: yes
configure:6696: checking the maximum length of command line arguments
configure:6816: result: 1572864
configure:6833: checking whether the shell understands some XSI constructs
configure:6843: result: yes
configure:6847: checking whether the shell understands "+="
configure:6853: result: yes
configure:6888: checking for /usr/bin/ld option to reload object files
configure:6895: result: -r
configure:6964: checking for objdump
configure:6980: found /usr/bin/objdump
configure:6991: result: objdump
configure:7023: checking how to recognize dependent libraries
configure:7219: result: pass_all
configure:7279: checking for ar
configure:7295: found /usr/bin/ar
configure:7306: result: ar
configure:7384: checking for strip
configure:7400: found /usr/bin/strip
configure:7411: result: strip
configure:7483: checking for ranlib
configure:7499: found /usr/bin/ranlib
configure:7510: result: ranlib
configure:7600: checking command to parse /usr/bin/nm -B output from gcc object
configure:7718: gcc -c -g -O2  conftest.c >&5
configure:7721: $? = 0
configure:7725: /usr/bin/nm -B conftest.o \| sed -n -e 's/^.*[	 ]\([ABCDGIRSTW][ABCDGIRSTW]*\)[	 ][	 ]*\([_A-Za-z][_A-Za-z0-9]*\)$/\1 \2 \2/p' \> conftest.nm
configure:7728: $? = 0
configure:7782: gcc -o conftest -g -O2   conftest.c conftstm.o >&5
configure:7785: $? = 0
configure:7823: result: ok
configure:7918: gcc -c -g -O2  conftest.c >&5
configure:7921: $? = 0
configure:8631: checking how to run the C preprocessor
configure:8662: gcc -E  conftest.c
configure:8662: $? = 0
configure:8676: gcc -E  conftest.c
conftest.c:16:28: fatal error: ac_nonexistent.h: No such file or directory
compilation terminated.
configure:8676: $? = 1
configure: failed program was:
| /* confdefs.h */
| #define PACKAGE_NAME "GstEditor"
| #define PACKAGE_TARNAME "gsteditor"
| #define PACKAGE_VERSION "0.10.3.2"
| #define PACKAGE_STRING "GstEditor 0.10.3.2"
| #define PACKAGE_BUGREPORT "http://gstreamer.freedesktop.org"
| #define PACKAGE_URL ""
| #define PACKAGE "gsteditor"
| #define VERSION "0.10.3.2"
| #define ENABLE_NLS 1
| #define HAVE_GETTEXT 1
| #define HAVE_DCGETTEXT 1
| #define GETTEXT_PACKAGE "gsteditor-"
| #define LOCALEDIR "/usr/local/share/locale"
| /* end confdefs.h.  */
| #include <ac_nonexistent.h>
configure:8701: result: gcc -E
configure:8721: gcc -E  conftest.c
configure:8721: $? = 0
configure:8735: gcc -E  conftest.c
conftest.c:16:28: fatal error: ac_nonexistent.h: No such file or directory
compilation terminated.
configure:8735: $? = 1
configure: failed program was:
| /* confdefs.h */
| #define PACKAGE_NAME "GstEditor"
| #define PACKAGE_TARNAME "gsteditor"
| #define PACKAGE_VERSION "0.10.3.2"
| #define PACKAGE_STRING "GstEditor 0.10.3.2"
| #define PACKAGE_BUGREPORT "http://gstreamer.freedesktop.org"
| #define PACKAGE_URL ""
| #define PACKAGE "gsteditor"
| #define VERSION "0.10.3.2"
| #define ENABLE_NLS 1
| #define HAVE_GETTEXT 1
| #define HAVE_DCGETTEXT 1
| #define GETTEXT_PACKAGE "gsteditor-"
| #define LOCALEDIR "/usr/local/share/locale"
| /* end confdefs.h.  */
| #include <ac_nonexistent.h>
configure:8764: checking for ANSI C header files
configure:8784: gcc -c -g -O2  conftest.c >&5
configure:8784: $? = 0
configure:8857: gcc -o conftest -g -O2   conftest.c  >&5
configure:8857: $? = 0
configure:8857: ./conftest
configure:8857: $? = 0
configure:8868: result: yes
configure:8881: checking for sys/types.h
configure:8881: gcc -c -g -O2  conftest.c >&5
configure:8881: $? = 0
configure:8881: result: yes
configure:8881: checking for sys/stat.h
configure:8881: gcc -c -g -O2  conftest.c >&5
configure:8881: $? = 0
configure:8881: result: yes
configure:8881: checking for stdlib.h
configure:8881: gcc -c -g -O2  conftest.c >&5
configure:8881: $? = 0
configure:8881: result: yes
configure:8881: checking for string.h
configure:8881: gcc -c -g -O2  conftest.c >&5
configure:8881: $? = 0
configure:8881: result: yes
configure:8881: checking for memory.h
configure:8881: gcc -c -g -O2  conftest.c >&5
configure:8881: $? = 0
configure:8881: result: yes
configure:8881: checking for strings.h
configure:8881: gcc -c -g -O2  conftest.c >&5
configure:8881: $? = 0
configure:8881: result: yes
configure:8881: checking for inttypes.h
configure:8881: gcc -c -g -O2  conftest.c >&5
configure:8881: $? = 0
configure:8881: result: yes
configure:8881: checking for stdint.h
configure:8881: gcc -c -g -O2  conftest.c >&5
configure:8881: $? = 0
configure:8881: result: yes
configure:8881: checking for unistd.h
configure:8881: gcc -c -g -O2  conftest.c >&5
configure:8881: $? = 0
configure:8881: result: yes
configure:8896: checking for dlfcn.h
configure:8896: gcc -c -g -O2  conftest.c >&5
configure:8896: $? = 0
configure:8896: result: yes
configure:9078: checking for objdir
configure:9093: result: .libs
configure:9385: checking if gcc supports -fno-rtti -fno-exceptions
configure:9403: gcc -c -g -O2  -fno-rtti -fno-exceptions conftest.c >&5
cc1: warning: command line option '-fno-rtti' is valid for C++/ObjC++ but not for C [enabled by default]
configure:9407: $? = 0
configure:9420: result: no
configure:9440: checking for gcc option to produce PIC
configure:9712: result: -fPIC -DPIC
configure:9724: checking if gcc PIC flag -fPIC -DPIC works
configure:9742: gcc -c -g -O2  -fPIC -DPIC -DPIC conftest.c >&5
configure:9746: $? = 0
configure:9759: result: yes
configure:9783: checking if gcc static flag -static works
configure:9811: result: yes
configure:9826: checking if gcc supports -c -o file.o
configure:9847: gcc -c -g -O2  -o out/conftest2.o conftest.c >&5
configure:9851: $? = 0
configure:9873: result: yes
configure:9881: checking if gcc supports -c -o file.o
configure:9928: result: yes
configure:9961: checking whether the gcc linker (/usr/bin/ld -m elf_x86_64) supports shared libraries
configure:10947: result: yes
configure:10984: checking whether -lc should be explicitly linked in
configure:10989: gcc -c -g -O2  conftest.c >&5
configure:10992: $? = 0
configure:11007: gcc -shared conftest.o  -v -Wl,-soname -Wl,conftest -o conftest 2\>\&1 \| /bin/grep  -lc  \>/dev/null 2\>\&1
configure:11010: $? = 0
configure:11022: result: no
configure:11186: checking dynamic linker characteristics
configure:11619: gcc -o conftest -g -O2   -Wl,-rpath -Wl,/foo conftest.c  >&5
configure:11619: $? = 0
configure:11837: result: GNU/Linux ld.so
configure:11939: checking how to hardcode library paths into programs
configure:11964: result: immediate
configure:12058: checking for shl_load
configure:12058: gcc -o conftest -g -O2   conftest.c  >&5
/tmp/cccxKf56.o: In function `main':
/home/dvhaeren/development/gstreamer/gsteditor/conftest.c:62: undefined reference to `shl_load'
collect2: error: ld returned 1 exit status
configure:12058: $? = 1
configure: failed program was:
| /* confdefs.h */
| #define PACKAGE_NAME "GstEditor"
| #define PACKAGE_TARNAME "gsteditor"
| #define PACKAGE_VERSION "0.10.3.2"
| #define PACKAGE_STRING "GstEditor 0.10.3.2"
| #define PACKAGE_BUGREPORT "http://gstreamer.freedesktop.org"
| #define PACKAGE_URL ""
| #define PACKAGE "gsteditor"
| #define VERSION "0.10.3.2"
| #define ENABLE_NLS 1
| #define HAVE_GETTEXT 1
| #define HAVE_DCGETTEXT 1
| #define GETTEXT_PACKAGE "gsteditor-"
| #define LOCALEDIR "/usr/local/share/locale"
| #define STDC_HEADERS 1
| #define HAVE_SYS_TYPES_H 1
| #define HAVE_SYS_STAT_H 1
| #define HAVE_STDLIB_H 1
| #define HAVE_STRING_H 1
| #define HAVE_MEMORY_H 1
| #define HAVE_STRINGS_H 1
| #define HAVE_INTTYPES_H 1
| #define HAVE_STDINT_H 1
| #define HAVE_UNISTD_H 1
| #define HAVE_DLFCN_H 1
| #define LT_OBJDIR ".libs/"
| /* end confdefs.h.  */
| /* Define shl_load to an innocuous variant, in case <limits.h> declares shl_load.
|    For example, HP-UX 11i <limits.h> declares gettimeofday.  */
| #define shl_load innocuous_shl_load
| 
| /* System header to define __stub macros and hopefully few prototypes,
|     which can conflict with char shl_load (); below.
|     Prefer <limits.h> to <assert.h> if __STDC__ is defined, since
|     <limits.h> exists even on freestanding compilers.  */
| 
| #ifdef __STDC__
| # include <limits.h>
| #else
| # include <assert.h>
| #endif
| 
| #undef shl_load
| 
| /* Override any GCC internal prototype to avoid an error.
|    Use char because int might match the return type of a GCC
|    builtin and then its argument prototype would still apply.  */
| #ifdef __cplusplus
| extern "C"
| #endif
| char shl_load ();
| /* The GNU C library defines this for functions which it implements
|     to always fail with ENOSYS.  Some functions are actually named
|     something starting with __ and the normal name is an alias.  */
| #if defined __stub_shl_load || defined __stub___shl_load
| choke me
| #endif
| 
| int
| main ()
| {
| return shl_load ();
|   ;
|   return 0;
| }
configure:12058: result: no
configure:12062: checking for shl_load in -ldld
configure:12087: gcc -o conftest -g -O2   conftest.c -ldld   >&5
/usr/bin/ld: cannot find -ldld
collect2: error: ld returned 1 exit status
configure:12087: $? = 1
configure: failed program was:
| /* confdefs.h */
| #define PACKAGE_NAME "GstEditor"
| #define PACKAGE_TARNAME "gsteditor"
| #define PACKAGE_VERSION "0.10.3.2"
| #define PACKAGE_STRING "GstEditor 0.10.3.2"
| #define PACKAGE_BUGREPORT "http://gstreamer.freedesktop.org"
| #define PACKAGE_URL ""
| #define PACKAGE "gsteditor"
| #define VERSION "0.10.3.2"
| #define ENABLE_NLS 1
| #define HAVE_GETTEXT 1
| #define HAVE_DCGETTEXT 1
| #define GETTEXT_PACKAGE "gsteditor-"
| #define LOCALEDIR "/usr/local/share/locale"
| #define STDC_HEADERS 1
| #define HAVE_SYS_TYPES_H 1
| #define HAVE_SYS_STAT_H 1
| #define HAVE_STDLIB_H 1
| #define HAVE_STRING_H 1
| #define HAVE_MEMORY_H 1
| #define HAVE_STRINGS_H 1
| #define HAVE_INTTYPES_H 1
| #define HAVE_STDINT_H 1
| #define HAVE_UNISTD_H 1
| #define HAVE_DLFCN_H 1
| #define LT_OBJDIR ".libs/"
| /* end confdefs.h.  */
| 
| /* Override any GCC internal prototype to avoid an error.
|    Use char because int might match the return type of a GCC
|    builtin and then its argument prototype would still apply.  */
| #ifdef __cplusplus
| extern "C"
| #endif
| char shl_load ();
| int
| main ()
| {
| return shl_load ();
|   ;
|   return 0;
| }
configure:12096: result: no
configure:12101: checking for dlopen
configure:12101: gcc -o conftest -g -O2   conftest.c  >&5
/tmp/ccptPGKg.o: In function `main':
/home/dvhaeren/development/gstreamer/gsteditor/conftest.c:62: undefined reference to `dlopen'
collect2: error: ld returned 1 exit status
configure:12101: $? = 1
configure: failed program was:
| /* confdefs.h */
| #define PACKAGE_NAME "GstEditor"
| #define PACKAGE_TARNAME "gsteditor"
| #define PACKAGE_VERSION "0.10.3.2"
| #define PACKAGE_STRING "GstEditor 0.10.3.2"
| #define PACKAGE_BUGREPORT "http://gstreamer.freedesktop.org"
| #define PACKAGE_URL ""
| #define PACKAGE "gsteditor"
| #define VERSION "0.10.3.2"
| #define ENABLE_NLS 1
| #define HAVE_GETTEXT 1
| #define HAVE_DCGETTEXT 1
| #define GETTEXT_PACKAGE "gsteditor-"
| #define LOCALEDIR "/usr/local/share/locale"
| #define STDC_HEADERS 1
| #define HAVE_SYS_TYPES_H 1
| #define HAVE_SYS_STAT_H 1
| #define HAVE_STDLIB_H 1
| #define HAVE_STRING_H 1
| #define HAVE_MEMORY_H 1
| #define HAVE_STRINGS_H 1
| #define HAVE_INTTYPES_H 1
| #define HAVE_STDINT_H 1
| #define HAVE_UNISTD_H 1
| #define HAVE_DLFCN_H 1
| #define LT_OBJDIR ".libs/"
| /* end confdefs.h.  */
| /* Define dlopen to an innocuous variant, in case <limits.h> declares dlopen.
|    For example, HP-UX 11i <limits.h> declares gettimeofday.  */
| #define dlopen innocuous_dlopen
| 
| /* System header to define __stub macros and hopefully few prototypes,
|     which can conflict with char dlopen (); below.
|     Prefer <limits.h> to <assert.h> if __STDC__ is defined, since
|     <limits.h> exists even on freestanding compilers.  */
| 
| #ifdef __STDC__
| # include <limits.h>
| #else
| # include <assert.h>
| #endif
| 
| #undef dlopen
| 
| /* Override any GCC internal prototype to avoid an error.
|    Use char because int might match the return type of a GCC
|    builtin and then its argument prototype would still apply.  */
| #ifdef __cplusplus
| extern "C"
| #endif
| char dlopen ();
| /* The GNU C library defines this for functions which it implements
|     to always fail with ENOSYS.  Some functions are actually named
|     something starting with __ and the normal name is an alias.  */
| #if defined __stub_dlopen || defined __stub___dlopen
| choke me
| #endif
| 
| int
| main ()
| {
| return dlopen ();
|   ;
|   return 0;
| }
configure:12101: result: no
configure:12105: checking for dlopen in -ldl
configure:12130: gcc -o conftest -g -O2   conftest.c -ldl   >&5
configure:12130: $? = 0
configure:12139: result: yes
configure:12258: checking whether a program can dlopen itself
configure:12328: gcc -o conftest -g -O2  -DHAVE_DLFCN_H  -Wl,--export-dynamic conftest.c -ldl  >&5
configure:12331: $? = 0
configure:12349: result: yes
configure:12354: checking whether a statically linked program can dlopen itself
configure:12424: gcc -o conftest -g -O2  -DHAVE_DLFCN_H  -Wl,--export-dynamic -static conftest.c -ldl  >&5
/tmp/ccMOwsIu.o: In function `main':
/home/dvhaeren/development/gstreamer/gsteditor/configure:12408: warning: Using 'dlopen' in statically linked applications requires at runtime the shared libraries from the glibc version used for linking
/usr/bin/ld: dynamic STT_GNU_IFUNC symbol `strcmp' with pointer equality in `/usr/lib/gcc/x86_64-linux-gnu/4.7/../../../x86_64-linux-gnu/libc.a(strcmp.o)' can not be used when making an executable; recompile with -fPIE and relink with -pie
collect2: error: ld returned 1 exit status
configure:12427: $? = 1
configure:12445: result: no
configure:12484: checking whether stripping libraries is possible
configure:12489: result: yes
configure:12524: checking if libtool supports shared libraries
configure:12526: result: yes
configure:12529: checking whether to build shared libraries
configure:12550: result: yes
configure:12553: checking whether to build static libraries
configure:12557: result: yes
configure:12619: checking for intltool-update
configure:12637: found /usr/bin/intltool-update
configure:12649: result: /usr/bin/intltool-update
configure:12659: checking for intltool-merge
configure:12677: found /usr/bin/intltool-merge
configure:12689: result: /usr/bin/intltool-merge
configure:12699: checking for intltool-extract
configure:12717: found /usr/bin/intltool-extract
configure:12729: result: /usr/bin/intltool-extract
configure:12860: checking for xgettext
configure:12890: result: /usr/bin/xgettext
configure:12900: checking for msgmerge
configure:12930: result: /usr/bin/msgmerge
configure:12940: checking for msgfmt
configure:12970: result: /usr/bin/msgfmt
configure:12980: checking for gmsgfmt
configure:13011: result: /usr/bin/msgfmt
configure:13031: checking for perl
configure:13049: found /usr/bin/perl
configure:13061: result: /usr/bin/perl
configure:13072: checking for perl >= 5.8.1
configure:13079: result: 5.14.2
configure:13083: checking for XML::Parser
configure:13086: result: ok
configure:13111: gcc -o conftest -g -O2   conftest.c  >&5
configure:13111: $? = 0
configure:13196: checking for gcc
configure:13223: result: gcc
configure:13452: checking for C compiler version
configure:13461: gcc --version >&5
gcc (Ubuntu/Linaro 4.7.3-1ubuntu1) 4.7.3
Copyright (C) 2012 Free Software Foundation, Inc.
This is free software; see the source for copying conditions.  There is NO
warranty; not even for MERCHANTABILITY or FITNESS FOR A PARTICULAR PURPOSE.

configure:13472: $? = 0
configure:13461: gcc -v >&5
Using built-in specs.
COLLECT_GCC=gcc
COLLECT_LTO_WRAPPER=/usr/lib/gcc/x86_64-linux-gnu/4.7/lto-wrapper
Target: x86_64-linux-gnu
Configured with: ../src/configure -v --with-pkgversion='Ubuntu/Linaro 4.7.3-1ubuntu1' --with-bugurl=file:///usr/share/doc/gcc-4.7/README.Bugs --enable-languages=c,c++,go,fortran,objc,obj-c++ --prefix=/usr --program-suffix=-4.7 --enable-shared --enable-linker-build-id --libexecdir=/usr/lib --without-included-gettext --enable-threads=posix --with-gxx-include-dir=/usr/include/c++/4.7 --libdir=/usr/lib --enable-nls --with-sysroot=/ --enable-clocale=gnu --enable-libstdcxx-debug --enable-libstdcxx-time=yes --enable-gnu-unique-object --enable-plugin --with-system-zlib --enable-objc-gc --with-cloog --enable-cloog-backend=ppl --disable-cloog-version-check --disable-ppl-version-check --enable-multiarch --disable-werror --with-arch-32=i686 --with-abi=m64 --with-multilib-list=m32,m64,mx32 --with-tune=generic --enable-checking=release --build=x86_64-linux-gnu --host=x86_64-linux-gnu --target=x86_64-linux-gnu
Thread model: posix
gcc version 4.7.3 (Ubuntu/Linaro 4.7.3-1ubuntu1) 
configure:13472: $? = 0
configure:13461: gcc -V >&5
gcc: error: unrecognized command line option '-V'
gcc: fatal error: no input files
compilation terminated.
configure:13472: $? = 4
configure:13461: gcc -qversion >&5
gcc: error: unrecognized command line option '-qversion'
gcc: fatal error: no input files
compilation terminated.
configure:13472: $? = 4
configure:13476: checking whether we are using the GNU C compiler
configure:13504: result: yes
configure:13513: checking whether gcc accepts -g
configure:13574: result: yes
configure:13591: checking for gcc option to accept ISO C89
configure:13668: result: none needed
configure:13690: checking dependency style of gcc
configure:13800: result: gcc3
configure:13863: checking for gcc
configure:13890: result: gcc
configure:14119: checking for C compiler version
configure:14128: gcc --version >&5
gcc (Ubuntu/Linaro 4.7.3-1ubuntu1) 4.7.3
Copyright (C) 2012 Free Software Foundation, Inc.
This is free software; see the source for copying conditions.  There is NO
warranty; not even for MERCHANTABILITY or FITNESS FOR A PARTICULAR PURPOSE.

configure:14139: $? = 0
configure:14128: gcc -v >&5
Using built-in specs.
COLLECT_GCC=gcc
COLLECT_LTO_WRAPPER=/usr/lib/gcc/x86_64-linux-gnu/4.7/lto-wrapper
Target: x86_64-linux-gnu
Configured with: ../src/configure -v --with-pkgversion='Ubuntu/Linaro 4.7.3-1ubuntu1' --with-bugurl=file:///usr/share/doc/gcc-4.7/README.Bugs --enable-languages=c,c++,go,fortran,objc,obj-c++ --prefix=/usr --program-suffix=-4.7 --enable-shared --enable-linker-build-id --libexecdir=/usr/lib --without-included-gettext --enable-threads=posix --with-gxx-include-dir=/usr/include/c++/4.7 --libdir=/usr/lib --enable-nls --with-sysroot=/ --enable-clocale=gnu --enable-libstdcxx-debug --enable-libstdcxx-time=yes --enable-gnu-unique-object --enable-plugin --with-system-zlib --enable-objc-gc --with-cloog --enable-cloog-backend=ppl --disable-cloog-version-check --disable-ppl-version-check --enable-multiarch --disable-werror --with-arch-32=i686 --with-abi=m64 --with-multilib-list=m32,m64,mx32 --with-tune=generic --enable-checking=release --build=x86_64-linux-gnu --host=x86_64-linux-gnu --target=x86_64-linux-gnu
Thread model: posix
gcc version 4.7.3 (Ubuntu/Linaro 4.7.3-1ubuntu1) 
configure:14139: $? = 0
configure:14128: gcc -V >&5
gcc: error: unrecognized command line option '-V'
gcc: fatal error: no input files
compilation terminated.
configure:14139: $? = 4
configure:14128: gcc -qversion >&5
gcc: error: unrecognized command line option '-qversion'
gcc: fatal error: no input files
compilation terminated.
configure:14139: $? = 4
configure:14143: checking whether we are using the GNU C compiler
configure:14171: result: yes
configure:14180: checking whether gcc accepts -g
configure:14241: result: yes
configure:14258: checking for gcc option to accept ISO C89
configure:14335: result: none needed
configure:14357: checking dependency style of gcc
configure:14467: result: gcc3
configure:14486: checking whether gcc and cc understand -c and -o together
configure:14517: gcc -c conftest.c -o conftest2.o >&5
configure:14521: $? = 0
configure:14527: gcc -c conftest.c -o conftest2.o >&5
configure:14531: $? = 0
configure:14542: cc -c conftest.c >&5
configure:14546: $? = 0
configure:14554: cc -c conftest.c -o conftest2.o >&5
configure:14558: $? = 0
configure:14564: cc -c conftest.c -o conftest2.o >&5
configure:14568: $? = 0
configure:14586: result: yes
configure:14611: checking for library containing strerror
configure:14642: gcc -o conftest -g -O2   conftest.c  >&5
configure:14642: $? = 0
configure:14659: result: none required
configure:14671: checking for strstr
configure:14671: gcc -o conftest -g -O2   conftest.c  >&5
conftest.c:52:6: warning: conflicting types for built-in function 'strstr' [enabled by default]
configure:14671: $? = 0
configure:14671: result: yes
configure:14682: checking for unistd.h
configure:14682: result: yes
configure:14692: checking for an ANSI C-conforming const
configure:14757: gcc -c -g -O2  conftest.c >&5
configure:14757: $? = 0
configure:14764: result: yes
configure:14772: checking whether lstat correctly handles trailing slash
configure:14798: gcc -o conftest -g -O2   conftest.c  >&5
configure:14798: $? = 0
configure:14798: ./conftest
configure:14798: $? = 0
configure:14815: result: yes
configure:14834: checking whether stat accepts an empty string
configure:14854: gcc -o conftest -g -O2   conftest.c  >&5
configure:14854: $? = 0
configure:14854: ./conftest
configure:14854: $? = 0
configure:14864: result: no
configure:14941: checking for scrollkeeper-preinstall
configure:14957: found /usr/bin/scrollkeeper-preinstall
configure:14969: result: true
configure:14982: checking for gdk-pixbuf-csource
configure:15000: found /usr/bin/gdk-pixbuf-csource
configure:15012: result: /usr/bin/gdk-pixbuf-csource
configure:15098: checking to see if compiler understands -Wall
configure:15115: gcc -c -g -O2 -Wall  conftest.c >&5
configure:15115: $? = 0
configure:15130: result: yes
configure:15139: checking to see if compiler understands -Werror
configure:15156: gcc -c -g -O2 -Werror  conftest.c >&5
configure:15156: $? = 0
configure:15171: result: yes
configure:15230: checking for pkg-config
configure:15248: found /usr/bin/pkg-config
configure:15260: result: /usr/bin/pkg-config
configure:15285: checking pkg-config is at least version 0.9.0
configure:15288: result: yes
configure:15299: checking for GST
configure:15307: $PKG_CONFIG --exists --print-errors "gstreamer-$GSTREAMER_MAJORMINOR >= $GSTREAMER_REQ"
configure:15310: $? = 0
configure:15325: $PKG_CONFIG --exists --print-errors "gstreamer-$GSTREAMER_MAJORMINOR >= $GSTREAMER_REQ"
configure:15328: $? = 0
configure:15350: result: yes
configure:15463: checking for LIBGLADE
configure:15471: $PKG_CONFIG --exists --print-errors "libglade-2.0"
configure:15474: $? = 0
configure:15489: $PKG_CONFIG --exists --print-errors "libglade-2.0"
configure:15492: $? = 0
configure:15514: result: yes
configure:15521: checking for GOOCANVAS
configure:15529: $PKG_CONFIG --exists --print-errors "goocanvas"
configure:15532: $? = 0
configure:15547: $PKG_CONFIG --exists --print-errors "goocanvas"
configure:15550: $? = 0
configure:15572: result: yes
configure:15579: checking for GDK_PIXBUF
configure:15587: $PKG_CONFIG --exists --print-errors "gdk-pixbuf-2.0"
configure:15590: $? = 0
configure:15605: $PKG_CONFIG --exists --print-errors "gdk-pixbuf-2.0"
configure:15608: $? = 0
configure:15630: result: yes
configure:15637: checking for GTK
configure:15645: $PKG_CONFIG --exists --print-errors "gtk+-2.0"
configure:15648: $? = 0
configure:15663: $PKG_CONFIG --exists --print-errors "gtk+-2.0"
configure:15666: $? = 0
configure:15688: result: yes
configure:15695: checking for GTK
configure:15746: result: yes
configure:15848: checking locale.h usability
configure:15848: gcc -c -g -O2  conftest.c >&5
conftest.c:35:0: warning: "GETTEXT_PACKAGE" redefined [enabled by default]
conftest.c:13:0: note: this is the location of the previous definition
configure:15848: $? = 0
configure:15848: result: yes
configure:15848: checking locale.h presence
configure:15848: gcc -E  conftest.c
conftest.c:35:0: warning: "GETTEXT_PACKAGE" redefined [enabled by default]
conftest.c:13:0: note: this is the location of the previous definition
configure:15848: $? = 0
configure:15848: result: yes
configure:15848: checking for locale.h
configure:15848: result: yes
configure:15859: checking for LC_MESSAGES
configure:15875: gcc -o conftest -g -O2   conftest.c  >&5
conftest.c:35:0: warning: "GETTEXT_PACKAGE" redefined [enabled by default]
conftest.c:13:0: note: this is the location of the previous definition
configure:15875: $? = 0
configure:15883: result: yes
configure:15900: checking libintl.h usability
configure:15900: gcc -c -g -O2  conftest.c >&5
conftest.c:35:0: warning: "GETTEXT_PACKAGE" redefined [enabled by default]
conftest.c:13:0: note: this is the location of the previous definition
configure:15900: $? = 0
configure:15900: result: yes
configure:15900: checking libintl.h presence
configure:15900: gcc -E  conftest.c
conftest.c:35:0: warning: "GETTEXT_PACKAGE" redefined [enabled by default]
conftest.c:13:0: note: this is the location of the previous definition
configure:15900: $? = 0
configure:15900: result: yes
configure:15900: checking for libintl.h
configure:15900: result: yes
configure:15908: checking for dgettext in libc
configure:15926: gcc -o conftest -g -O2   conftest.c  >&5
conftest.c:35:0: warning: "GETTEXT_PACKAGE" redefined [enabled by default]
conftest.c:13:0: note: this is the location of the previous definition
conftest.c: In function 'main':
conftest.c:46:8: warning: cast from pointer to integer of different size [-Wpointer-to-int-cast]
configure:15926: $? = 0
configure:15935: result: yes
configure:15941: checking for bind_textdomain_codeset
configure:15941: gcc -o conftest -g -O2   conftest.c  >&5
conftest.c:35:0: warning: "GETTEXT_PACKAGE" redefined [enabled by default]
conftest.c:13:0: note: this is the location of the previous definition
configure:15941: $? = 0
configure:15941: result: yes
configure:16135: checking for msgfmt
configure:16162: result: /usr/bin/msgfmt
configure:16173: checking for dcgettext
configure:16173: gcc -o conftest -g -O2   conftest.c   >&5
conftest.c:35:0: warning: "GETTEXT_PACKAGE" redefined [enabled by default]
conftest.c:13:0: note: this is the location of the previous definition
conftest.c:65:6: warning: conflicting types for built-in function 'dcgettext' [enabled by default]
configure:16173: $? = 0
configure:16173: result: yes
configure:16184: checking for gmsgfmt
configure:16215: result: /usr/bin/msgfmt
configure:16225: checking for xgettext
configure:16252: result: /usr/bin/xgettext
configure:16271: gcc -o conftest -g -O2   conftest.c   >&5
conftest.c:35:0: warning: "GETTEXT_PACKAGE" redefined [enabled by default]
conftest.c:13:0: note: this is the location of the previous definition
configure:16271: $? = 0
configure:16349: checking for catalogs to be installed
configure:16374: result:  nl no
configure:16556: creating ./config.status

## ---------------------- ##
## Running config.status. ##
## ---------------------- ##

This file was extended by GstEditor config.status 0.10.3.2, which was
generated by GNU Autoconf 2.65.  Invocation command line was

  CONFIG_FILES    = 
  CONFIG_HEADERS  = 
  CONFIG_LINKS    = 
  CONFIG_COMMANDS = 
  $ ./config.status 

on guppy

config.status:1246: creating Makefile
config.status:1246: creating help/Makefile
config.status:1246: creating help/C/Makefile
config.status:1246: creating libs/Makefile
config.status:1246: creating libs/gst/Makefile
config.status:1246: creating libs/gst/common/Makefile
config.status:1246: creating libs/gst/editor/Makefile
config.status:1246: creating libs/gst/element-ui/Makefile
config.status:1246: creating libs/gst/debug-ui/Makefile
config.status:1246: creating libs/gst/element-browser/Makefile
config.status:1246: creating src/Makefile
config.status:1246: creating pixmaps/Makefile
config.status:1246: creating gst-editor.spec
config.status:1246: creating gst-editor-libs.pc
config.status:1246: creating gst-editor-libs-uninstalled.pc
config.status:1246: creating po/Makefile.in
config.status:1246: creating config.h
config.status:1418: config.h is unchanged
config.status:1466: executing po-directories commands
config.status:1466: executing depfiles commands
config.status:1466: executing libtool commands
config.status:1466: executing default-1 commands
config.status:1466: executing po/stamp-it commands

## ---------------- ##
## Cache variables. ##
## ---------------- ##

ac_cv_build=x86_64-unknown-linux-gnu
ac_cv_c_compiler_gnu=yes
ac_cv_c_const=yes
ac_cv_env_CC_set=
ac_cv_env_CC_value=
ac_cv_env_CFLAGS_set=
ac_cv_env_CFLAGS_value=
ac_cv_env_CPPFLAGS_set=
ac_cv_env_CPPFLAGS_value=
ac_cv_env_CPP_set=
ac_cv_env_CPP_value=
ac_cv_env_GDK_PIXBUF_CFLAGS_set=
ac_cv_env_GDK_PIXBUF_CFLAGS_value=
ac_cv_env_GDK_PIXBUF_LIBS_set=
ac_cv_env_GDK_PIXBUF_LIBS_value=
ac_cv_env_GOOCANVAS_CFLAGS_set=
ac_cv_env_GOOCANVAS_CFLAGS_value=
ac_cv_env_GOOCANVAS_LIBS_set=
ac_cv_env_GOOCANVAS_LIBS_value=
ac_cv_env_GST_CFLAGS_set=
ac_cv_env_GST_CFLAGS_value=
ac_cv_env_GST_LIBS_set=
ac_cv_env_GST_LIBS_value=
ac_cv_env_GTK_CFLAGS_set=
ac_cv_env_GTK_CFLAGS_value=
ac_cv_env_GTK_LIBS_set=
ac_cv_env_GTK_LIBS_value=
ac_cv_env_LDFLAGS_set=
ac_cv_env_LDFLAGS_value=
ac_cv_env_LIBGLADE_CFLAGS_set=
ac_cv_env_LIBGLADE_CFLAGS_value=
ac_cv_env_LIBGLADE_LIBS_set=
ac_cv_env_LIBGLADE_LIBS_value=
ac_cv_env_LIBS_set=
ac_cv_env_LIBS_value=
ac_cv_env_PKG_CONFIG_set=
ac_cv_env_PKG_CONFIG_value=
ac_cv_env_build_alias_set=
ac_cv_env_build_alias_value=
ac_cv_env_host_alias_set=
ac_cv_env_host_alias_value=
ac_cv_env_target_alias_set=
ac_cv_env_target_alias_value=
ac_cv_func_bind_textdomain_codeset=yes
ac_cv_func_dcgettext=yes
ac_cv_func_dlopen=no
ac_cv_func_lstat_dereferences_slashed_symlink=yes
ac_cv_func_shl_load=no
ac_cv_func_stat_empty_string_bug=no
ac_cv_func_strstr=yes
ac_cv_header_dlfcn_h=yes
ac_cv_header_inttypes_h=yes
ac_cv_header_libintl_h=yes
ac_cv_header_locale_h=yes
ac_cv_header_memory_h=yes
ac_cv_header_stdc=yes
ac_cv_header_stdint_h=yes
ac_cv_header_stdlib_h=yes
ac_cv_header_string_h=yes
ac_cv_header_strings_h=yes
ac_cv_header_sys_stat_h=yes
ac_cv_header_sys_types_h=yes
ac_cv_header_unistd_h=yes
ac_cv_host=x86_64-unknown-linux-gnu
ac_cv_lib_dl_dlopen=yes
ac_cv_lib_dld_shl_load=no
ac_cv_objext=o
ac_cv_path_EGREP='/bin/grep -E'
ac_cv_path_FGREP='/bin/grep -F'
ac_cv_path_GDK_PIXBUF_CSOURCE=/usr/bin/gdk-pixbuf-csource
ac_cv_path_GMSGFMT=/usr/bin/msgfmt
ac_cv_path_GREP=/bin/grep
ac_cv_path_INTLTOOL_EXTRACT=/usr/bin/intltool-extract
ac_cv_path_INTLTOOL_MERGE=/usr/bin/intltool-merge
ac_cv_path_INTLTOOL_PERL=/usr/bin/perl
ac_cv_path_INTLTOOL_UPDATE=/usr/bin/intltool-update
ac_cv_path_MSGFMT=/usr/bin/msgfmt
ac_cv_path_MSGMERGE=/usr/bin/msgmerge
ac_cv_path_SED=/bin/sed
ac_cv_path_XGETTEXT=/usr/bin/xgettext
ac_cv_path_ac_pt_PKG_CONFIG=/usr/bin/pkg-config
ac_cv_path_install='/usr/bin/install -c'
ac_cv_path_mkdir=/bin/mkdir
ac_cv_prog_AWK=gawk
ac_cv_prog_CPP='gcc -E'
ac_cv_prog_HAVE_SCROLLKEEPER=true
ac_cv_prog_ac_ct_AR=ar
ac_cv_prog_ac_ct_CC=gcc
ac_cv_prog_ac_ct_OBJDUMP=objdump
ac_cv_prog_ac_ct_RANLIB=ranlib
ac_cv_prog_ac_ct_STRIP=strip
ac_cv_prog_cc_c89=
ac_cv_prog_cc_g=yes
ac_cv_prog_cc_gcc_c_o=yes
ac_cv_prog_make_make_set=yes
ac_cv_search_strerror='none required'
acl_cv_hardcode_direct=no
acl_cv_hardcode_libdir_flag_spec='${wl}-rpath ${wl}$libdir'
acl_cv_hardcode_libdir_separator=
acl_cv_hardcode_minus_L=no
acl_cv_libext=a
acl_cv_path_LD=/usr/bin/ld
acl_cv_prog_gnu_ld=yes
acl_cv_rpath=done
acl_cv_shlibext=so
acl_cv_sys_lib_dlsearch_path_spec='/lib /usr/lib'
acl_cv_sys_lib_search_path_spec='/lib /usr/lib /usr/local/lib'
acl_cv_wl=-Wl,
am_cv_CC_dependencies_compiler_type=gcc3
am_cv_prog_cc_stdc=
am_cv_val_LC_MESSAGES=yes
gt_cv_func_CFLocaleCopyCurrent=no
gt_cv_func_CFPreferencesCopyAppValue=no
gt_cv_func_dgettext_libc=yes
gt_cv_func_dgettext_libintl=no
gt_cv_func_gnugettext1_libc=yes
gt_cv_have_gettext=yes
lt_cv_deplibs_check_method=pass_all
lt_cv_dlopen=dlopen
lt_cv_dlopen_libs=-ldl
lt_cv_dlopen_self=yes
lt_cv_dlopen_self_static=no
lt_cv_file_magic_cmd='$MAGIC_CMD'
lt_cv_file_magic_test_file=
lt_cv_ld_reload_flag=-r
lt_cv_nm_interface='BSD nm'
lt_cv_objdir=.libs
lt_cv_path_LD=/usr/bin/ld
lt_cv_path_NM='/usr/bin/nm -B'
lt_cv_prog_compiler_c_o=yes
lt_cv_prog_compiler_pic_works=yes
lt_cv_prog_compiler_rtti_exceptions=no
lt_cv_prog_compiler_static_works=yes
lt_cv_prog_gnu_ld=yes
lt_cv_sys_global_symbol_pipe='sed -n -e '\''s/^.*[	 ]\([ABCDGIRSTW][ABCDGIRSTW]*\)[	 ][	 ]*\([_A-Za-z][_A-Za-z0-9]*\)$/\1 \2 \2/p'\'''
lt_cv_sys_global_symbol_to_c_name_address='sed -n -e '\''s/^: \([^ ]*\) $/  {\"\1\", (void *) 0},/p'\'' -e '\''s/^[ABCDGIRSTW]* \([^ ]*\) \([^ ]*\)$/  {"\2", (void *) \&\2},/p'\'''
lt_cv_sys_global_symbol_to_c_name_address_lib_prefix='sed -n -e '\''s/^: \([^ ]*\) $/  {\"\1\", (void *) 0},/p'\'' -e '\''s/^[ABCDGIRSTW]* \([^ ]*\) \(lib[^ ]*\)$/  {"\2", (void *) \&\2},/p'\'' -e '\''s/^[ABCDGIRSTW]* \([^ ]*\) \([^ ]*\)$/  {"lib\2", (void *) \&\2},/p'\'''
lt_cv_sys_global_symbol_to_cdecl='sed -n -e '\''s/^T .* \(.*\)$/extern int \1();/p'\'' -e '\''s/^[ABCDGIRSTW]* .* \(.*\)$/extern char \1;/p'\'''
lt_cv_sys_max_cmd_len=1572864
pkg_cv_GDK_PIXBUF_CFLAGS='-pthread -I/usr/include/gdk-pixbuf-2.0 -I/usr/include/libpng12 -I/usr/include/glib-2.0 -I/usr/lib/x86_64-linux-gnu/glib-2.0/include  '
pkg_cv_GDK_PIXBUF_LIBS='-lgdk_pixbuf-2.0 -lgobject-2.0 -lglib-2.0  '
pkg_cv_GOOCANVAS_CFLAGS='-pthread -I/usr/include/gtk-2.0 -I/usr/include/cairo -I/usr/lib/x86_64-linux-gnu/gtk-2.0/include -I/usr/include/atk-1.0 -I/usr/include/gdk-pixbuf-2.0 -I/usr/include/pango-1.0 -I/usr/include/gio-unix-2.0/ -I/usr/include/glib-2.0 -I/usr/lib/x86_64-linux-gnu/glib-2.0/include -I/usr/include/pixman-1 -I/usr/include/freetype2 -I/usr/include/libpng12 -I/usr/include/harfbuzz -I/usr/include/goocanvas-1.0  '
pkg_cv_GOOCANVAS_LIBS='-lgoocanvas -lgtk-x11-2.0 -lgdk-x11-2.0 -latk-1.0 -lgio-2.0 -lpangoft2-1.0 -lpangocairo-1.0 -lgdk_pixbuf-2.0 -lcairo -lpango-1.0 -lfreetype -lfontconfig -lgobject-2.0 -lglib-2.0  '
pkg_cv_GST_CFLAGS='-pthread -I/usr/include/gstreamer-0.10 -I/usr/include/glib-2.0 -I/usr/lib/x86_64-linux-gnu/glib-2.0/include -I/usr/include/libxml2  '
pkg_cv_GST_LIBS='-pthread -lgstreamer-0.10 -lgobject-2.0 -lgmodule-2.0 -lgthread-2.0 -lxml2 -lglib-2.0  '
pkg_cv_GTK_CFLAGS='-pthread -I/usr/include/gtk-2.0 -I/usr/lib/x86_64-linux-gnu/gtk-2.0/include -I/usr/include/atk-1.0 -I/usr/include/cairo -I/usr/include/gdk-pixbuf-2.0 -I/usr/include/pango-1.0 -I/usr/include/gio-unix-2.0/ -I/usr/include/glib-2.0 -I/usr/lib/x86_64-linux-gnu/glib-2.0/include -I/usr/include/pixman-1 -I/usr/include/freetype2 -I/usr/include/libpng12 -I/usr/include/harfbuzz  '
pkg_cv_GTK_LIBS='-lgtk-x11-2.0 -lgdk-x11-2.0 -latk-1.0 -lgio-2.0 -lpangoft2-1.0 -lpangocairo-1.0 -lgdk_pixbuf-2.0 -lcairo -lpango-1.0 -lfreetype -lfontconfig -lgobject-2.0 -lglib-2.0  '
pkg_cv_LIBGLADE_CFLAGS='-pthread -I/usr/include/libglade-2.0 -I/usr/include/gtk-2.0 -I/usr/include/libxml2 -I/usr/lib/x86_64-linux-gnu/gtk-2.0/include -I/usr/include/atk-1.0 -I/usr/include/cairo -I/usr/include/gdk-pixbuf-2.0 -I/usr/include/pango-1.0 -I/usr/include/gio-unix-2.0/ -I/usr/include/glib-2.0 -I/usr/lib/x86_64-linux-gnu/glib-2.0/include -I/usr/include/pixman-1 -I/usr/include/freetype2 -I/usr/include/libpng12 -I/usr/include/harfbuzz  '
pkg_cv_LIBGLADE_LIBS='-lglade-2.0 -lgtk-x11-2.0 -lxml2 -lgdk-x11-2.0 -latk-1.0 -lgio-2.0 -lpangoft2-1.0 -lpangocairo-1.0 -lgdk_pixbuf-2.0 -lcairo -lpango-1.0 -lfreetype -lfontconfig -lgobject-2.0 -lglib-2.0  '

## ----------------- ##
## Output variables. ##
## ----------------- ##

ACLOCAL='${SHELL} /home/dvhaeren/development/gstreamer/gsteditor/missing --run aclocal-1.11'
ACLOCAL_AMFLAGS='-I m4 -I common/m4'
ALL_LINGUAS='nl no'
AMDEPBACKSLASH='\'
AMDEP_FALSE='#'
AMDEP_TRUE=''
AMTAR='${SHELL} /home/dvhaeren/development/gstreamer/gsteditor/missing --run tar'
AR='ar'
AUTOCONF='${SHELL} /home/dvhaeren/development/gstreamer/gsteditor/missing --run autoconf'
AUTOHEADER='${SHELL} /home/dvhaeren/development/gstreamer/gsteditor/missing --run autoheader'
AUTOMAKE='${SHELL} /home/dvhaeren/development/gstreamer/gsteditor/missing --run automake-1.11'
AWK='gawk'
CATALOGS=' nl.gmo no.gmo'
CATOBJEXT='.gmo'
CC='gcc'
CCDEPMODE='depmode=gcc3'
CFLAGS='-g -O2'
CPP='gcc -E'
CPPFLAGS=''
CYGPATH_W='echo'
DATADIRNAME='share'
DEFS='-DHAVE_CONFIG_H'
DEPDIR='.deps'
DSYMUTIL=''
DUMPBIN=''
ECHO_C=''
ECHO_N='-n'
ECHO_T=''
EGREP='/bin/grep -E'
EXEEXT=''
FGREP='/bin/grep -F'
GDK_PIXBUF_CFLAGS='-pthread -I/usr/include/gdk-pixbuf-2.0 -I/usr/include/libpng12 -I/usr/include/glib-2.0 -I/usr/lib/x86_64-linux-gnu/glib-2.0/include  '
GDK_PIXBUF_CSOURCE='/usr/bin/gdk-pixbuf-csource'
GDK_PIXBUF_LIBS='-lgdk_pixbuf-2.0 -lgobject-2.0 -lglib-2.0  '
GETTEXT_MACRO_VERSION='0.17'
GETTEXT_PACKAGE='gst-editor'
GLADEUI_UNINSTALLED_DIR=''
GMOFILES=' nl.gmo no.gmo'
GMSGFMT='/usr/bin/msgfmt'
GMSGFMT_015='/usr/bin/msgfmt'
GOOCANVAS_CFLAGS='-pthread -I/usr/include/gtk-2.0 -I/usr/include/cairo -I/usr/lib/x86_64-linux-gnu/gtk-2.0/include -I/usr/include/atk-1.0 -I/usr/include/gdk-pixbuf-2.0 -I/usr/include/pango-1.0 -I/usr/include/gio-unix-2.0/ -I/usr/include/glib-2.0 -I/usr/lib/x86_64-linux-gnu/glib-2.0/include -I/usr/include/pixman-1 -I/usr/include/freetype2 -I/usr/include/libpng12 -I/usr/include/harfbuzz -I/usr/include/goocanvas-1.0  '
GOOCANVAS_LIBS='-lgoocanvas -lgtk-x11-2.0 -lgdk-x11-2.0 -latk-1.0 -lgio-2.0 -lpangoft2-1.0 -lpangocairo-1.0 -lgdk_pixbuf-2.0 -lcairo -lpango-1.0 -lfreetype -lfontconfig -lgobject-2.0 -lglib-2.0  '
GREP='/bin/grep'
GSTREAMER_REQ='0.10.6'
GST_CFLAGS='-pthread -I/usr/include/gstreamer-0.10 -I/usr/include/glib-2.0 -I/usr/lib/x86_64-linux-gnu/glib-2.0/include -I/usr/include/libxml2  '
GST_DISABLE_ALLOC_TRACE='0'
GST_DISABLE_ENUMTYPES='1'
GST_DISABLE_GST_DEBUG='0'
GST_DISABLE_INDEX='1'
GST_DISABLE_LOADSAVE='0'
GST_DISABLE_PARSE='0'
GST_DISABLE_PLUGIN='0'
GST_DISABLE_REGISTRY='0'
GST_DISABLE_TRACE='0'
GST_DISABLE_URI='1'
GST_DISABLE_XML='0'
GST_EDITOR_AGE='0'
GST_EDITOR_CFLAGS='-pthread -I/usr/include/gstreamer-0.10 -I/usr/include/glib-2.0 -I/usr/lib/x86_64-linux-gnu/glib-2.0/include -I/usr/include/libxml2   -pthread -I/usr/include/gtk-2.0 -I/usr/include/cairo -I/usr/lib/x86_64-linux-gnu/gtk-2.0/include -I/usr/include/atk-1.0 -I/usr/include/gdk-pixbuf-2.0 -I/usr/include/pango-1.0 -I/usr/include/gio-unix-2.0/ -I/usr/include/glib-2.0 -I/usr/lib/x86_64-linux-gnu/glib-2.0/include -I/usr/include/pixman-1 -I/usr/include/freetype2 -I/usr/include/libpng12 -I/usr/include/harfbuzz -I/usr/include/goocanvas-1.0   -pthread -I/usr/include/libglade-2.0 -I/usr/include/gtk-2.0 -I/usr/include/libxml2 -I/usr/lib/x86_64-linux-gnu/gtk-2.0/include -I/usr/include/atk-1.0 -I/usr/include/cairo -I/usr/include/gdk-pixbuf-2.0 -I/usr/include/pango-1.0 -I/usr/include/gio-unix-2.0/ -I/usr/include/glib-2.0 -I/usr/lib/x86_64-linux-gnu/glib-2.0/include -I/usr/include/pixman-1 -I/usr/include/freetype2 -I/usr/include/libpng12 -I/usr/include/harfbuzz   -pthread -I/usr/include/gdk-pixbuf-2.0 -I/usr/include/libpng12 -I/usr/include/glib-2.0 -I/usr/lib/x86_64-linux-gnu/glib-2.0/include   -pthread -I/usr/include/gtk-2.0 -I/usr/lib/x86_64-linux-gnu/gtk-2.0/include -I/usr/include/atk-1.0 -I/usr/include/cairo -I/usr/include/gdk-pixbuf-2.0 -I/usr/include/pango-1.0 -I/usr/include/gio-unix-2.0/ -I/usr/include/glib-2.0 -I/usr/lib/x86_64-linux-gnu/glib-2.0/include -I/usr/include/pixman-1 -I/usr/include/freetype2 -I/usr/include/libpng12 -I/usr/include/harfbuzz    -I$(top_srcdir) -I$(top_srcdir)/libs -I$(top_builddir)/libs  -Wall'
GST_EDITOR_CURRENT='0'
GST_EDITOR_DATA_DIR='/usr/local/share/gsteditor'
GST_EDITOR_LIBS='-pthread -lgstreamer-0.10 -lgobject-2.0 -lgmodule-2.0 -lgthread-2.0 -lxml2 -lglib-2.0   -lgoocanvas -lgtk-x11-2.0 -lgdk-x11-2.0 -latk-1.0 -lgio-2.0 -lpangoft2-1.0 -lpangocairo-1.0 -lgdk_pixbuf-2.0 -lcairo -lpango-1.0 -lfreetype -lfontconfig -lgobject-2.0 -lglib-2.0   -lglade-2.0 -lgtk-x11-2.0 -lxml2 -lgdk-x11-2.0 -latk-1.0 -lgio-2.0 -lpangoft2-1.0 -lpangocairo-1.0 -lgdk_pixbuf-2.0 -lcairo -lpango-1.0 -lfreetype -lfontconfig -lgobject-2.0 -lglib-2.0   -lgdk_pixbuf-2.0 -lgobject-2.0 -lglib-2.0   -lgtk-x11-2.0 -lgdk-x11-2.0 -latk-1.0 -lgio-2.0 -lpangoft2-1.0 -lpangocairo-1.0 -lgdk_pixbuf-2.0 -lcairo -lpango-1.0 -lfreetype -lfontconfig -lgobject-2.0 -lglib-2.0  '
GST_EDITOR_LIBVERSION='0:0:0'
GST_EDITOR_LT_LDFLAGS=' -version-info 0:0:0 -release yes'
GST_EDITOR_REVISION='0'
GST_LIBS='-pthread -lgstreamer-0.10 -lgobject-2.0 -lgmodule-2.0 -lgthread-2.0 -lxml2 -lglib-2.0  '
GTK_CFLAGS='-pthread -I/usr/include/gtk-2.0 -I/usr/lib/x86_64-linux-gnu/gtk-2.0/include -I/usr/include/atk-1.0 -I/usr/include/cairo -I/usr/include/gdk-pixbuf-2.0 -I/usr/include/pango-1.0 -I/usr/include/gio-unix-2.0/ -I/usr/include/glib-2.0 -I/usr/lib/x86_64-linux-gnu/glib-2.0/include -I/usr/include/pixman-1 -I/usr/include/freetype2 -I/usr/include/libpng12 -I/usr/include/harfbuzz  '
GTK_LIBS='-lgtk-x11-2.0 -lgdk-x11-2.0 -latk-1.0 -lgio-2.0 -lpangoft2-1.0 -lpangocairo-1.0 -lgdk_pixbuf-2.0 -lcairo -lpango-1.0 -lfreetype -lfontconfig -lgobject-2.0 -lglib-2.0  '
HAVE_SCROLLKEEPER='true'
HAVE_SCROLLKEEPER_FALSE='#'
HAVE_SCROLLKEEPER_TRUE=''
INSTALL_DATA='${INSTALL} -m 644'
INSTALL_PROGRAM='${INSTALL}'
INSTALL_SCRIPT='${INSTALL}'
INSTALL_STRIP_PROGRAM='$(install_sh) -c -s'
INSTOBJEXT='.mo'
INTLLIBS=''
INTLTOOL_CAVES_RULE='%.caves:     %.caves.in     $(INTLTOOL_MERGE) $(wildcard $(top_srcdir)/po/*.po) ; LC_ALL=C $(INTLTOOL_MERGE) -d -u -c $(top_builddir)/po/.intltool-merge-cache $(top_srcdir)/po $< $@'
INTLTOOL_DESKTOP_RULE='%.desktop:   %.desktop.in   $(INTLTOOL_MERGE) $(wildcard $(top_srcdir)/po/*.po) ; LC_ALL=C $(INTLTOOL_MERGE) -d -u -c $(top_builddir)/po/.intltool-merge-cache $(top_srcdir)/po $< $@'
INTLTOOL_DIRECTORY_RULE='%.directory: %.directory.in $(INTLTOOL_MERGE) $(wildcard $(top_srcdir)/po/*.po) ; LC_ALL=C $(INTLTOOL_MERGE) -d -u -c $(top_builddir)/po/.intltool-merge-cache $(top_srcdir)/po $< $@'
INTLTOOL_EXTRACT='/usr/bin/intltool-extract'
INTLTOOL_KBD_RULE='%.kbd:       %.kbd.in       $(INTLTOOL_MERGE) $(wildcard $(top_srcdir)/po/*.po) ; LC_ALL=C $(INTLTOOL_MERGE) -x -u -m -c $(top_builddir)/po/.intltool-merge-cache $(top_srcdir)/po $< $@'
INTLTOOL_KEYS_RULE='%.keys:      %.keys.in      $(INTLTOOL_MERGE) $(wildcard $(top_srcdir)/po/*.po) ; LC_ALL=C $(INTLTOOL_MERGE) -k -u -c $(top_builddir)/po/.intltool-merge-cache $(top_srcdir)/po $< $@'
INTLTOOL_MERGE='/usr/bin/intltool-merge'
INTLTOOL_OAF_RULE='%.oaf:       %.oaf.in       $(INTLTOOL_MERGE) $(wildcard $(top_srcdir)/po/*.po) ; LC_ALL=C $(INTLTOOL_MERGE) -o -p $(top_srcdir)/po $< $@'
INTLTOOL_PERL='/usr/bin/perl'
INTLTOOL_POLICY_RULE='%.policy:    %.policy.in    $(INTLTOOL_MERGE) $(wildcard $(top_srcdir)/po/*.po) ; LC_ALL=C $(INTLTOOL_MERGE) -x -u -c $(top_builddir)/po/.intltool-merge-cache $(top_srcdir)/po $< $@'
INTLTOOL_PONG_RULE='%.pong:      %.pong.in      $(INTLTOOL_MERGE) $(wildcard $(top_srcdir)/po/*.po) ; LC_ALL=C $(INTLTOOL_MERGE) -x -u -c $(top_builddir)/po/.intltool-merge-cache $(top_srcdir)/po $< $@'
INTLTOOL_PROP_RULE='%.prop:      %.prop.in      $(INTLTOOL_MERGE) $(wildcard $(top_srcdir)/po/*.po) ; LC_ALL=C $(INTLTOOL_MERGE) -d -u -c $(top_builddir)/po/.intltool-merge-cache $(top_srcdir)/po $< $@'
INTLTOOL_SCHEMAS_RULE='%.schemas:   %.schemas.in   $(INTLTOOL_MERGE) $(wildcard $(top_srcdir)/po/*.po) ; LC_ALL=C $(INTLTOOL_MERGE) -s -u -c $(top_builddir)/po/.intltool-merge-cache $(top_srcdir)/po $< $@'
INTLTOOL_SERVER_RULE='%.server:    %.server.in    $(INTLTOOL_MERGE) $(wildcard $(top_srcdir)/po/*.po) ; LC_ALL=C $(INTLTOOL_MERGE) -o -u -c $(top_builddir)/po/.intltool-merge-cache $(top_srcdir)/po $< $@'
INTLTOOL_SERVICE_RULE='%.service: %.service.in   $(INTLTOOL_MERGE) $(wildcard $(top_srcdir)/po/*.po) ; LC_ALL=C $(INTLTOOL_MERGE) -d -u -c $(top_builddir)/po/.intltool-merge-cache $(top_srcdir)/po $< $@'
INTLTOOL_SHEET_RULE='%.sheet:     %.sheet.in     $(INTLTOOL_MERGE) $(wildcard $(top_srcdir)/po/*.po) ; LC_ALL=C $(INTLTOOL_MERGE) -x -u -c $(top_builddir)/po/.intltool-merge-cache $(top_srcdir)/po $< $@'
INTLTOOL_SOUNDLIST_RULE='%.soundlist: %.soundlist.in $(INTLTOOL_MERGE) $(wildcard $(top_srcdir)/po/*.po) ; LC_ALL=C $(INTLTOOL_MERGE) -d -u -c $(top_builddir)/po/.intltool-merge-cache $(top_srcdir)/po $< $@'
INTLTOOL_THEME_RULE='%.theme:     %.theme.in     $(INTLTOOL_MERGE) $(wildcard $(top_srcdir)/po/*.po) ; LC_ALL=C $(INTLTOOL_MERGE) -d -u -c $(top_builddir)/po/.intltool-merge-cache $(top_srcdir)/po $< $@'
INTLTOOL_UI_RULE='%.ui:        %.ui.in        $(INTLTOOL_MERGE) $(wildcard $(top_srcdir)/po/*.po) ; LC_ALL=C $(INTLTOOL_MERGE) -x -u -c $(top_builddir)/po/.intltool-merge-cache $(top_srcdir)/po $< $@'
INTLTOOL_UPDATE='/usr/bin/intltool-update'
INTLTOOL_XAM_RULE='%.xam:       %.xml.in       $(INTLTOOL_MERGE) $(wildcard $(top_srcdir)/po/*.po) ; LC_ALL=C $(INTLTOOL_MERGE) -x -u -c $(top_builddir)/po/.intltool-merge-cache $(top_srcdir)/po $< $@'
INTLTOOL_XML_NOMERGE_RULE='%.xml:       %.xml.in       $(INTLTOOL_MERGE) ; LC_ALL=C $(INTLTOOL_MERGE) -x -u /tmp $< $@'
INTLTOOL_XML_RULE='%.xml:       %.xml.in       $(INTLTOOL_MERGE) $(wildcard $(top_srcdir)/po/*.po) ; LC_ALL=C $(INTLTOOL_MERGE) -x -u -c $(top_builddir)/po/.intltool-merge-cache $(top_srcdir)/po $< $@'
INTL_MACOSX_LIBS=''
LD='/usr/bin/ld -m elf_x86_64'
LDFLAGS=''
LIBGLADE_CFLAGS='-pthread -I/usr/include/libglade-2.0 -I/usr/include/gtk-2.0 -I/usr/include/libxml2 -I/usr/lib/x86_64-linux-gnu/gtk-2.0/include -I/usr/include/atk-1.0 -I/usr/include/cairo -I/usr/include/gdk-pixbuf-2.0 -I/usr/include/pango-1.0 -I/usr/include/gio-unix-2.0/ -I/usr/include/glib-2.0 -I/usr/lib/x86_64-linux-gnu/glib-2.0/include -I/usr/include/pixman-1 -I/usr/include/freetype2 -I/usr/include/libpng12 -I/usr/include/harfbuzz  '
LIBGLADE_LIBS='-lglade-2.0 -lgtk-x11-2.0 -lxml2 -lgdk-x11-2.0 -latk-1.0 -lgio-2.0 -lpangoft2-1.0 -lpangocairo-1.0 -lgdk_pixbuf-2.0 -lcairo -lpango-1.0 -lfreetype -lfontconfig -lgobject-2.0 -lglib-2.0  '
LIBICONV='-liconv'
LIBINTL=''
LIBOBJS=''
LIBS=''
LIBTOOL='$(SHELL) $(top_builddir)/libtool'
LIPO=''
LN_S='ln -s'
LOCALEDIR='/usr/local/share/locale'
LTLIBICONV='-liconv'
LTLIBINTL=''
LTLIBOBJS=''
MAINT='#'
MAINTAINER_MODE_FALSE=''
MAINTAINER_MODE_TRUE='#'
MAKEINFO='${SHELL} /home/dvhaeren/development/gstreamer/gsteditor/missing --run makeinfo'
MKDIR_P='/bin/mkdir -p'
MKINSTALLDIRS='./mkinstalldirs'
MSGFMT='/usr/bin/msgfmt'
MSGFMT_015='/usr/bin/msgfmt'
MSGMERGE='/usr/bin/msgmerge'
NM='/usr/bin/nm -B'
NMEDIT=''
OBJDUMP='objdump'
OBJEXT='o'
OTOOL64=''
OTOOL=''
PACKAGE='gsteditor'
PACKAGE_BUGREPORT='http://gstreamer.freedesktop.org'
PACKAGE_NAME='GstEditor'
PACKAGE_STRING='GstEditor 0.10.3.2'
PACKAGE_TARNAME='gsteditor'
PACKAGE_URL=''
PACKAGE_VERSION='0.10.3.2'
PACKAGE_VERSION_MAJOR='0'
PACKAGE_VERSION_MICRO='3'
PACKAGE_VERSION_MINOR='10'
PACKAGE_VERSION_NANO='2'
PACKAGE_VERSION_RELEASE='0.20130502.080845'
PATH_SEPARATOR=':'
PKG_CONFIG='/usr/bin/pkg-config'
POFILES=' nl.po no.po'
POSUB='po'
PO_IN_DATADIR_FALSE=''
PO_IN_DATADIR_TRUE=''
RANLIB='ranlib'
SED='/bin/sed'
SET_MAKE=''
SHELL='/bin/bash'
STRIP='strip'
USE_NLS='yes'
VERSION='0.10.3.2'
XGETTEXT='/usr/bin/xgettext'
XGETTEXT_015='/usr/bin/xgettext'
XGETTEXT_EXTRA_OPTIONS=''
ac_ct_CC='gcc'
ac_ct_DUMPBIN=''
am__EXEEXT_FALSE=''
am__EXEEXT_TRUE='#'
am__fastdepCC_FALSE='#'
am__fastdepCC_TRUE=''
am__include='include'
am__isrc=''
am__leading_dot='.'
am__quote=''
am__tar='${AMTAR} chof - "$$tardir"'
am__untar='${AMTAR} xf -'
bindir='${exec_prefix}/bin'
build='x86_64-unknown-linux-gnu'
build_alias=''
build_cpu='x86_64'
build_os='linux-gnu'
build_vendor='unknown'
datadir='${datarootdir}'
datarootdir='${prefix}/share'
docdir='${datarootdir}/doc/${PACKAGE_TARNAME}'
dvidir='${docdir}'
exec_prefix='${prefix}'
host='x86_64-unknown-linux-gnu'
host_alias=''
host_cpu='x86_64'
host_os='linux-gnu'
host_vendor='unknown'
htmldir='${docdir}'
includedir='${prefix}/include'
infodir='${datarootdir}/info'
install_sh='${SHELL} /home/dvhaeren/development/gstreamer/gsteditor/install-sh'
libdir='${exec_prefix}/lib'
libexecdir='${exec_prefix}/libexec'
localedir='${datarootdir}/locale'
localstatedir='${prefix}/var'
lt_ECHO='echo'
mandir='${datarootdir}/man'
mkdir_p='/bin/mkdir -p'
oldincludedir='/usr/include'
pdfdir='${docdir}'
prefix='/usr/local'
program_transform_name='s,x,x,'
psdir='${docdir}'
sbindir='${exec_prefix}/sbin'
sharedstatedir='${prefix}/com'
sysconfdir='${prefix}/etc'
target_alias=''

## ----------- ##
## confdefs.h. ##
## ----------- ##

/* confdefs.h */
#define PACKAGE_NAME "GstEditor"
#define PACKAGE_TARNAME "gsteditor"
#define PACKAGE_VERSION "0.10.3.2"
#define PACKAGE_STRING "GstEditor 0.10.3.2"
#define PACKAGE_BUGREPORT "http://gstreamer.freedesktop.org"
#define PACKAGE_URL ""
#define PACKAGE "gsteditor"
#define VERSION "0.10.3.2"
#define ENABLE_NLS 1
#define HAVE_GETTEXT 1
#define HAVE_DCGETTEXT 1
#define GETTEXT_PACKAGE "gsteditor-"
#define LOCALEDIR "/usr/local/share/locale"
#define STDC_HEADERS 1
#define HAVE_SYS_TYPES_H 1
#define HAVE_SYS_STAT_H 1
#define HAVE_STDLIB_H 1
#define HAVE_STRING_H 1
#define HAVE_MEMORY_H 1
#define HAVE_STRINGS_H 1
#define HAVE_INTTYPES_H 1
#define HAVE_STDINT_H 1
#define HAVE_UNISTD_H 1
#define HAVE_DLFCN_H 1
#define LT_OBJDIR ".libs/"
#define GLADEUI_UNINSTALLED_DIR "/home/dvhaeren/development/gstreamer/gsteditor/src"
#define HAVE_STRSTR 1
#define HAVE_UNISTD_H 1
#define LSTAT_FOLLOWS_SLASHED_SYMLINK 1
#define GST_DEBUG_ENABLED 1
#define GST_INFO_ENABLED 1
#define GST_DEBUG_COLOR 1
#define GST_EDITOR_DATA_DIR "/usr/local/share/gsteditor"
#define GETTEXT_PACKAGE "gst-editor"
#define LOCALEDIR "/usr/local/share/locale"
#define HAVE_LOCALE_H 1
#define HAVE_LC_MESSAGES 1
#define HAVE_BIND_TEXTDOMAIN_CODESET 1
#define HAVE_GETTEXT 1
#define HAVE_DCGETTEXT 1
#define ENABLE_NLS 1

configure: exit 0
